2020-03-10 18:31:15,257 Views.Source.UserView - Trying to login with google credentials
2020-03-10 18:31:53,622 Views.Source.UserView - Registering with Email=aymanalwahbani@se.shenkar.ac.il Password=null
2020-03-10 18:32:08,358 Views.Source.UserView - Trying to login with google credentials
2020-03-10 18:32:09,250 Views.Source.UserView - Registering with Email=aymanalwahbani@se.shenkar.ac.il Password=null
2020-03-10 18:33:31,241 Views.Source.UserView - Trying to login with google credentials
2020-03-10 18:34:46,695 Views.Source.UserView - Registering with Email=aymanalwahbani@se.shenkar.ac.il Password=null
2020-03-10 18:34:52,531 Views.Source.UserView - Trying to login with google credentials
2020-03-10 18:37:59,043 Views.Source.UserView - Registering with Email=aymanalwahbani@se.shenkar.ac.il Password=null
2020-03-10 18:38:06,460 Views.Source.UserView - Trying to login with google credentials
2020-03-10 18:38:57,463 Views.Source.UserView - Registering with Email=aebayw@gmail.com Password=null
2020-03-10 18:49:17,391 Views.Source.UserView - Trying to login with google credentials
2020-03-10 18:54:37,768 Views.Source.UserView - Registering with Email=aymanalwahbani@se.shenkar.ac.il Password=null
2020-03-10 18:55:04,966 Views.Source.UserView - Trying to login with google credentials
2020-03-10 18:57:39,402 Views.Source.UserView - Registering with Email=aymanalwahbani@se.shenkar.ac.il Password=null
2020-03-10 18:57:48,423 Views.Source.UserView - Trying to login with google credentials
2020-03-10 18:58:31,991 Views.Source.UserView - Registering with Email=aymanalwahbani@se.shenkar.ac.il Password=null
2020-03-10 18:59:20,985 Views.Source.UserView - Trying to login with google credentials
2020-03-10 19:00:43,722 Views.Source.UserView - Registering with Email=aymanalwahbani@se.shenkar.ac.il Password=null
2020-03-10 19:00:49,708 Views.Source.UserView - Trying to login with google credentials
2020-03-10 19:08:49,482 Views.Source.UserView - Trying to login with google credentials
2020-03-10 19:09:53,882 Views.Source.UserView - Trying to login with google credentials
2020-03-10 19:19:48,454 Views.Source.UserView - Trying to login with google credentials
2020-03-10 19:21:17,778 Views.Source.UserView - Registering with Email=aymanalwahbani@se.shenkar.ac.il Password=null
2020-03-10 19:21:22,191 Views.Source.UserView - Trying to login with google credentials
2020-03-10 19:21:42,097 Views.Source.UserView - Registering with Email=aymanalwahbani@se.shenkar.ac.il Password=null
2020-03-10 19:21:52,427 Views.Source.UserView - Trying to login with google credentials
2020-03-10 19:25:31,202 Views.Source.UserView - Registering with Email=aebayw@gmail.com Password=null
2020-03-10 19:35:44,718 Views.Source.UserView - Trying to login with google credentials
2020-03-10 19:38:31,130 Views.Source.UserView - Trying to login with google credentials
2020-03-10 19:38:47,667 Views.Source.UserView - Registering with Email=aymanalwahbani@se.shenkar.ac.il Password=null
2020-03-10 19:38:59,268 Views.Source.UserView - Trying to login with google credentials
2020-03-10 19:39:14,975 Views.Source.UserView - Registering with Email=aebayw@gmail.com Password=null
2020-03-10 20:29:34,297 ViewModels.Source.RegisterViewModel - Registering with Email=aymanw1998@test.com Password=ayman
2020-03-10 20:29:43,123 Views.Source.UserView - Trying to login
2020-03-10 20:29:49,033 Views.Source.UserView - success! userId=5e67dc94192a890e88edf294
2020-03-10 20:32:43,256 ViewModels.Source.RegisterViewModel - Registering with Email=aw Password=aw
2020-03-10 20:33:38,382 Views.Source.UserView - Trying to login
2020-03-10 20:33:45,950 Views.Source.UserView - success! userId=5e67dd4f192a892d04a08516
2020-03-10 20:36:11,059 Views.Source.UserView - Trying to login
2020-03-10 20:36:18,932 Views.Source.UserView - success! userId=5e67a2c0fd6b571ab07e6cac
2020-03-10 20:37:13,402 Views.Source.UserView - Trying to login with google credentials
2020-03-10 20:39:46,112 Views.Source.UserView - Registering with Email=aymanalwahbani@se.shenkar.ac.il Password=null
2020-03-10 21:25:27,106 Views.Source.UserView - Trying to login
2020-03-10 21:34:46,282 Views.Source.UserView - success! userId=5e67a2c0fd6b571ab07e6cac
2020-03-10 21:35:17,330 Views.Source.UserView - Trying to login
2020-03-10 21:35:32,859 Views.Source.UserView - Trying to login
2020-03-10 21:36:48,232 Views.Source.UserView - Trying to login
2020-03-10 21:38:27,977 Views.Source.UserView - Trying to login
2020-03-10 21:39:17,895 Views.Source.UserView - success! userId=5e67a2c0fd6b571ab07e6cac
2020-03-10 21:40:11,602 Views.Source.UserView - Trying to login
2020-03-10 21:40:39,189 Views.Source.UserView - Trying to login
2020-03-10 21:40:52,396 Views.Source.UserView - success! userId=5e67a2c0fd6b571ab07e6cac
2020-03-10 21:47:43,141 Views.Source.UserView - Trying to login
2020-03-10 21:48:47,877 Views.Source.UserView - Trying to login
2020-03-10 21:49:20,080 Views.Source.UserView - Trying to login
2020-03-10 21:51:48,669 Views.Source.UserView - Trying to login
2020-03-10 21:53:30,914 Views.Source.UserView - Trying to login
2020-03-10 21:55:34,424 Views.Source.UserView - Trying to login
2020-03-10 21:55:38,501 Views.Source.UserView - Trying to login
2020-03-10 21:55:43,156 Views.Source.UserView - User does not exist
2020-03-10 21:55:59,384 Views.Source.UserView - Trying to login
2020-03-10 21:56:08,393 Views.Source.UserView - success! email=ayman@test.com
2020-03-10 21:56:43,269 ViewModels.Source.RegisterViewModel - Registering with Email=qq Password=qq
2020-03-10 21:56:49,821 Views.Source.UserView - Trying to login
2020-03-10 21:56:57,266 Views.Source.UserView - success! email=qq
2020-03-10 21:57:11,864 Views.Source.UserView - Trying to login with google credentials
2020-03-10 22:22:46,229 Views.Source.UserView - Trying to login
2020-03-10 22:22:51,683 Views.Source.UserView - User does not exist
2020-03-10 22:23:54,327 Views.Source.UserView - Trying to login
2020-03-10 22:24:01,035 Views.Source.UserView - success! email=ayman@test.com
2020-03-10 22:28:41,731 ViewModels.Source.CalculateInsulinViewModel - Adding history item to userId=Ayman Test
2020-03-10 22:47:09,393 Views.Source.UserView - Trying to login
2020-03-10 22:47:19,403 Views.Source.UserView - success! email=ayman@test.com
2020-03-10 22:49:22,546 Views.Source.UserView - Trying to login
2020-03-10 22:49:34,454 Views.Source.UserView - success! email=ayman@test.com
2020-03-10 22:52:07,118 Views.Source.UserView - Trying to login
2020-03-10 22:52:17,475 Views.Source.UserView - success! email=ayman@test.com
2020-03-10 22:56:42,610 Views.Source.UserView - Trying to login
2020-03-10 22:56:51,869 Views.Source.UserView - success! email=ayman@test.com
2020-03-10 23:00:40,753 Views.Source.UserView - Trying to login
2020-03-10 23:00:49,734 Views.Source.UserView - success! email=ayman@test.com
2020-03-10 23:08:24,901 Views.Source.UserView - Trying to login
2020-03-10 23:08:32,635 Views.Source.UserView - success! email=ayman@test.com
2020-03-10 23:09:51,207 Views.Source.UserView - Trying to login
2020-03-10 23:09:59,051 Views.Source.UserView - success! email=ayman@test.com
2020-03-10 23:14:40,372 Views.Source.UserView - Trying to login
2020-03-10 23:14:44,477 Views.Source.UserView - User does not exist
2020-03-10 23:14:54,342 Views.Source.UserView - Trying to login
2020-03-10 23:15:00,069 Views.Source.UserView - success! email=ayman@test.com
2020-03-10 23:17:17,233 Views.Source.UserView - Trying to login
2020-03-10 23:17:24,152 Views.Source.UserView - success! email=ayman@test.com
2020-03-10 23:25:30,240 Views.Source.UserView - Trying to login
2020-03-10 23:25:37,529 Views.Source.UserView - success! email=ayman@test.com
2020-03-10 23:28:31,927 Views.Source.UserView - Trying to login
2020-03-10 23:28:40,695 Views.Source.UserView - success! email=ayman@test.com
